<?xml version="1.0" encoding="UTF-8"?>
<testng-results ignored="0" total="1" passed="1" failed="0" skipped="0">
  <reporter-output>
  </reporter-output>
  <suite started-at="2021-02-25T23:55:09 IST" name="Default suite" finished-at="2021-02-25T23:55:26 IST" duration-ms="16812">
    <groups>
    </groups>
    <test started-at="2021-02-25T23:55:09 IST" name="Default test" finished-at="2021-02-25T23:55:26 IST" duration-ms="16812">
      <class name="Pages.LazadaHomePage">
        <test-method signature="navigateToURL()[pri:0, instance:Pages.LazadaHomePage@50caa560]" started-at="2021-02-25T23:55:09 IST" name="navigateToURL" finished-at="2021-02-25T23:55:26 IST" duration-ms="16656" status="PASS">
          <reporter-output>
          </reporter-output>
        </test-method> <!-- navigateToURL -->
      </class> <!-- Pages.LazadaHomePage -->
    </test> <!-- Default test -->
  </suite> <!-- Default suite -->
</testng-results>
